<?xml version="1.0" encoding="UTF-8"?>
<testng-results skipped="0" failed="0" ignored="0" total="1" passed="1">
  <reporter-output>
  </reporter-output>
  <suite name="Default suite" duration-ms="12176" started-at="2019-01-04T06:54:57Z" finished-at="2019-01-04T06:55:09Z">
    <groups>
    </groups>
    <test name="Default test" duration-ms="12176" started-at="2019-01-04T06:54:57Z" finished-at="2019-01-04T06:55:09Z">
      <class name="com.ibm.jenkins.com.ibm.jenkins.Launch_ApplicationTest">
        <test-method status="PASS" signature="LoginTest()[pri:0, instance:com.ibm.jenkins.com.ibm.jenkins.Launch_ApplicationTest@2a5ca609]" name="LoginTest" duration-ms="12145" started-at="2019-01-04T12:24:57Z" finished-at="2019-01-04T12:25:09Z">
          <reporter-output>
          </reporter-output>
        </test-method> <!-- LoginTest -->
      </class> <!-- com.ibm.jenkins.com.ibm.jenkins.Launch_ApplicationTest -->
    </test> <!-- Default test -->
  </suite> <!-- Default suite -->
</testng-results>
